2022-04-26 14:04:01  [TC1] (main:) Login is successfull
2022-04-26 14:09:10  [TC2] (main:) Login to TC2 successfull
2022-04-26 14:09:51  [TC2] (main:) Login to TC2 successfull
2022-04-26 14:11:02  [TC2] (main:) Login to TC2 successfull
2022-04-26 14:15:03  [TC2] (main:) Login to TC2 successfull
2022-04-26 14:15:09  [TC2] (main:) TC2 executed successfully
2022-04-26 14:18:25  [TC1] (main:) Login is successful
2022-04-26 14:18:44  [TC1] (main:) Test case pass successfully
2022-04-26 14:46:19  [TC3] (main:) Login is successful
2022-04-26 14:46:51  [TC4] (main:) Login is successful
2022-04-26 14:47:03  [TC4] (main:) TC4 executed successfully
2022-04-26 14:48:12  [TC5] (main:) TC5 logon successful
2022-04-26 14:48:27  [TC5] (main:) TC5 executed successfully
2022-04-26 14:49:27  [TC6] (main:) TC6 logon successful
2022-04-26 14:50:11  [TC7] (main:) TC7 logon successful
2022-04-26 14:51:16  [TC8] (main:) TC8 logon successful
2022-04-26 14:53:25  [TC7] (main:) TC7 logon successful
2022-04-26 14:54:23  [TC7] (main:) TC7 logon successful
2022-04-26 15:26:42  [TC7] (main:) TC7 logon successful
2022-04-26 15:29:08  [TC7] (main:) TC7 logon successful
2022-04-26 15:30:42  [TC7] (main:) TC7 logon successful
2022-04-26 15:31:28  [TC7] (main:) TC7 logon successful
2022-04-26 15:43:13  [TC7] (main:) TC7 logon successful
2022-04-26 15:44:17  [TC7] (main:) TC7 logon successful
2022-04-26 15:50:59  [TC7] (main:) TC7 logon successful
2022-04-26 15:56:14  [TC7] (main:) TC7 logon successful
2022-04-26 15:57:57  [TC7] (main:) TC7 logon successful
2022-04-26 16:01:20  [TC7] (main:) TC7 logon successful
2022-04-26 16:08:06  [TC8] (main:) TC8 logon successful
2022-04-27 11:30:42  [TC1] (main:) Login is successful
2022-04-27 11:30:55  [TC1] (main:) TC1 executed successfully
2022-04-27 11:33:34  [TC1] (main:) Login is successful
2022-04-27 11:33:50  [TC1] (main:) TC1 executed successfully
2022-04-27 11:35:44  [TC1] (main:) Login is successful
2022-04-27 12:23:23  [TC1] (main:) Login is successful
2022-04-27 12:25:11  [TC1] (main:) Login is successful
2022-04-27 12:32:59  [TC1] (main:) Login is successful
2022-04-27 12:34:01  [TC1] (main:) Login is successful
2022-04-27 12:35:29  [TC1] (main:) Login is successful
2022-04-27 12:35:44  [TC1] (main:) TC1 executed successfully
2022-04-27 12:37:33  [TC1] (main:) Login is successful
2022-04-27 12:37:46  [TC1] (main:) TC1 executed successfully
2022-04-27 12:39:36  [TC1] (main:) Login is successful
2022-04-27 12:40:30  [TC1] (main:) Login is successful
2022-04-27 12:40:49  [TC1] (main:) TC1 executed successfully
2022-04-28 11:58:36  [TC2] (main:) Login to TC2 successfull
2022-04-28 11:58:40  [TC2] (main:) TC2 executed successfully
2022-04-28 12:03:00  [TC1] (main:) Login is successful
2022-04-28 12:03:14  [TC1] (main:) TC1 executed successfully
2022-04-28 12:04:55  [TC1] (main:) Login is successful
2022-04-28 12:05:08  [TC1] (main:) TC1 executed successfully
2022-04-28 12:05:57  [TC2] (main:) Login to TC2 successfull
2022-04-28 12:06:07  [TC2] (main:) TC2 executed successfully
2022-04-28 12:08:06  [TC2] (main:) Login to TC2 successfull
2022-04-28 12:08:13  [TC2] (main:) TC2 executed successfully
2022-04-28 12:08:55  [TC4] (main:) Login is successful
2022-04-28 12:09:07  [TC4] (main:) TC4 executed successfully
2022-04-28 12:09:59  [TC5] (main:) TC5 logon successful
2022-04-28 12:10:09  [TC5] (main:) TC5 executed successfully
2022-04-28 12:11:15  [TC7] (main:) TC7 logon successful
2022-04-28 12:12:05  [TC8] (main:) TC8 logon successful
2022-04-28 12:20:44  [TC7] (main:) TC7 logon successful
2022-04-28 12:26:23  [TC7] (main:) TC7 logon successful
2022-04-28 12:34:10  [TC7] (main:) TC7 logon successful
2022-04-28 12:34:19  [TC7] (main:) TC7 executed successfully
2022-04-28 12:35:47  [TC2] (main:) Login to TC2 successfull
2022-04-28 12:37:21  [TC5] (main:) TC5 logon successful
2022-04-28 12:37:34  [TC5] (main:) TC5 executed successfully
2022-04-28 12:38:28  [TC7] (main:) TC7 logon successful
2022-04-28 12:38:35  [TC7] (main:) TC7 executed successfully
2022-04-28 12:39:11  [TC8] (main:) TC8 logon successful
2022-04-28 12:39:19  [TC8] (main:) TC8 executed successfully
